-------------------------------------------------------------------------------
Test set: MailPets_Test
-------------------------------------------------------------------------------
Tests run: 1, Failures: 1, Errors: 0, Skipped: 0, Time elapsed: 9.317 s <<< FAILURE! - in MailPets_Test
check_show_more_button(MailPets_Test)  Time elapsed: 9.317 s  <<< FAILURE!
java.lang.AssertionError: 
Должна быть открыта страница /news
Expected: a string containing "https://www.pogoda.mail.ru/news"
     but: was "https://pogoda.mail.ru/prognoz/moskva/"
	at MailPets_Test.check_show_more_button(MailPets_Test.java:26)

